f:\svnproject\dataloader\loaderregkey\loaderregkey\x64\debug\loaderregkey.pch
f:\svnproject\dataloader\loaderregkey\loaderregkey\x64\debug\stdafx.obj
f:\svnproject\dataloader\loaderregkey\loaderregkey\x64\debug\dllmain.obj
f:\svnproject\dataloader\loaderregkey\loaderregkey\x64\debug\loaderregkey.obj
f:\svnproject\dataloader\loaderregkey\loaderregkey\x64\debug\excelregshlext.obj
f:\svnproject\dataloader\loaderregkey\loaderregkey\x64\debug\loaderregkey_i.obj
f:\svnproject\dataloader\loaderregkey\x64\debug\loaderregkey.ilk
f:\svnproject\dataloader\loaderregkey\x64\debug\loaderregkey.dll
f:\svnproject\dataloader\loaderregkey\x64\debug\loaderregkey.pdb
f:\svnproject\dataloader\loaderregkey\x64\debug\loaderregkey.lib
f:\svnproject\dataloader\loaderregkey\x64\debug\loaderregkey.exp
f:\svnproject\dataloader\loaderregkey\loaderregkey\x64\debug\loaderregkey.tlb
f:\svnproject\dataloader\loaderregkey\loaderregkey\loaderregkey_p.c
f:\svnproject\dataloader\loaderregkey\loaderregkey\loaderregkey_i.c
f:\svnproject\dataloader\loaderregkey\loaderregkey\loaderregkey_i.h
f:\svnproject\dataloader\loaderregkey\loaderregkey\x64\debug\loaderregkey.res
f:\svnproject\dataloader\loaderregkey\loaderregkey\x64\debug\loaderregkey.tlog\cl.command.1.tlog
f:\svnproject\dataloader\loaderregkey\loaderregkey\x64\debug\loaderregkey.tlog\cl.read.1.tlog
f:\svnproject\dataloader\loaderregkey\loaderregkey\x64\debug\loaderregkey.tlog\cl.write.1.tlog
f:\svnproject\dataloader\loaderregkey\loaderregkey\x64\debug\loaderregkey.tlog\link.command.1.tlog
f:\svnproject\dataloader\loaderregkey\loaderregkey\x64\debug\loaderregkey.tlog\link.read.1.tlog
f:\svnproject\dataloader\loaderregkey\loaderregkey\x64\debug\loaderregkey.tlog\link.write.1.tlog
f:\svnproject\dataloader\loaderregkey\loaderregkey\x64\debug\loaderregkey.tlog\loaderregkey.write.1u.tlog
f:\svnproject\dataloader\loaderregkey\loaderregkey\x64\debug\loaderregkey.tlog\midl.command.1.tlog
f:\svnproject\dataloader\loaderregkey\loaderregkey\x64\debug\loaderregkey.tlog\midl.read.1.tlog
f:\svnproject\dataloader\loaderregkey\loaderregkey\x64\debug\loaderregkey.tlog\midl.write.1.tlog
f:\svnproject\dataloader\loaderregkey\loaderregkey\x64\debug\loaderregkey.tlog\rc.command.1.tlog
f:\svnproject\dataloader\loaderregkey\loaderregkey\x64\debug\loaderregkey.tlog\rc.read.1.tlog
f:\svnproject\dataloader\loaderregkey\loaderregkey\x64\debug\loaderregkey.tlog\rc.write.1.tlog
